<html xmlns:math="http://exslt.org/math" xmlns:testng="http://testng.org">
   <head>
      <title>TestNG Results</title>
      <meta http-equiv="content-type" content="text/html; charset=utf-8"></meta>
      <meta http-equiv="pragma" content="no-cache"></meta>
      <meta http-equiv="cache-control" content="max-age=0"></meta>
      <meta http-equiv="cache-control" content="no-cache"></meta>
      <meta http-equiv="cache-control" content="no-store"></meta>
      <LINK rel="stylesheet" href="style.css"></LINK>
      <script type="text/javascript" src="main.js"></script>
   </head>
   <body>
      <table width="100%" style="font-size: 16px; margin-bottom: 10px;" cellspacing="1">
         <tr>
            <td width="100%">
               Test case
               
               <b>Test</b>
            </td>
            <td style="background-color: #FFBBBB; padding: 3px 3px 3px 0;" align="center">
               <div style="width: 50px;">1</div>
            </td>
            <td style="background-color: lightgreen; padding: 3px 3px 3px 0;" align="center">
               <div style="width: 50px;">4</div>
            </td>
            <td style="background-color: #FFFFBB; padding: 3px 3px 3px 0;" align="center">
               <div style="width: 50px;">0</div>
            </td>
            <td align="center" style="background-color: #eaf0f7; padding: 3px 3px 3px 0;">
               <div style="width: 50px;">5</div>
            </td>
            <td align="center"
                style="font-weight: bold; background-color: #eaf0f7; padding: 3px 3px 3px 0;">
               <div style="width: 50px;">80%</div>
            </td>
            <td style="background-color: #eaf0f7; padding: 3px 3px 3px 0;" align="center"
                nowrap="true">199 ms
               
            </td>
         </tr>
      </table>
      <div style="width: 200px;">
         <label for="groupMethodsCheckBox" style="font-weight: bold; margin: 0;">
            <input id="groupMethodsCheckBox" type="checkbox" onclick="switchTestMethodsView(this)"></input>
            Group by class
            
         </label>
         <br></br>
         <label for="methodsFilter_ALL" style="font-weight: bold; margin: 0;">
            <input id="methodsFilter_ALL" type="checkbox"
                   onclick="testMethodsFilterChanged(this, 'ALL')"></input>
            All
            
         </label>
      </div>
      <label for="methodsFilter_FAIL" style="margin-left: 20px;">
         <input id="methodsFilter_FAIL" type="checkbox"
                onclick="testMethodsFilterChanged(this, 'FAIL')"
                checked=""></input>
         Failed
         
      </label>
      <label for="methodsFilter_PASS">
         <input id="methodsFilter_PASS" type="checkbox"
                onclick="testMethodsFilterChanged(this, 'PASS')"
                checked=""></input>
         Passed
         
      </label>
      <label for="methodsFilter_SKIP">
         <input id="methodsFilter_SKIP" type="checkbox"
                onclick="testMethodsFilterChanged(this, 'SKIP')"
                checked=""></input>
         Skipped
         
      </label>
      <label for="methodsFilter_CONF">
         <input id="methodsFilter_CONF" type="checkbox"
                onclick="testMethodsFilterChanged(this, 'CONF')"></input>
         Config
         
      </label>
      <br></br>
      <div id="testMethodsByStatus">
         <table class="testMethodsTable" cellpadding="0" cellspacing="0">
            <tr class="methodsTableHeader">
               <td width="100%">Name</td>
               <td nowrap="true">Started</td>
               <td nowrap="true">Duration</td>
               <td>Exception</td>
            </tr>
            <tr id="buildTest.TestBase_google_byStatus_failed_FAIL1_row"
                class="testMethodStatusFAIL">
               <td width="100%" class="firstMethodCell">
                  <a onclick="toggleDetailsVisibility('buildTest.TestBase_google_byStatus_failed_FAIL1_details')">google()</a>
               </td>
               <td nowrap="true">14:46:49</td>
               <td nowrap="true" align="right">182 ms
                  
               </td>
               <td nowrap="true">
                  <a onclick="toggleDetailsVisibility('buildTest.TestBase_google_byStatus_failed_FAIL1_exception')">java.lang.IllegalStateException: 
                     The path to the driver executable must be set by the webdriver.gecko.driver system property; for more information, see https://github.com/mozilla/geckodriver.
                     The latest version can be downloaded from https://github.com/mozilla/geckodriver/releases
                     
                  </a>
                   
                  
               </td>
            </tr>
            <tr>
               <td colspan="4" class="detailsBox">
                  <div id="buildTest.TestBase_google_byStatus_failed_FAIL1_details"
                       class="testMethodDetails">
                     <div>
                        <b>Name: </b>google
                     </div>
                     <div>
                        <b>Signature: </b>google()[pri:0, instance:buildTest.TestBase@7e0babb1]
                     </div>
                     <div>
                        <b>Start time: </b>14:46:49
                     </div>
                     <div>
                        <b>End time: </b>14:46:49
                     </div>
                     <div>
                        <b>Duration: </b>182 ms
                        
                     </div>
                  </div>
               </td>
            </tr>
            <tr>
               <td colspan="4" class="detailsBox">
                  <div id="buildTest.TestBase_google_byStatus_failed_FAIL1_exception"
                       class="testMethodDetails">
                     <pre style="padding: 5px; margin: 0;">java.lang.IllegalStateException: The path to the driver executable must be set by the webdriver.gecko.driver system property;
                        for more information, see https://github.com/mozilla/geckodriver. The latest version can be downloaded from https://github.com/mozilla/geckodriver/releases
                        	at com.google.common.base.Preconditions.checkState(Preconditions.java:847)
                        	at org.openqa.selenium.remote.service.DriverService.findExecutable(DriverService.java:124)
                        	at org.openqa.selenium.firefox.GeckoDriverService.access$100(GeckoDriverService.java:42)
                        	at org.openqa.selenium.firefox.GeckoDriverService$Builder.findDefaultExecutable(GeckoDriverService.java:143)
                        	at org.openqa.selenium.remote.service.DriverService$Builder.build(DriverService.java:335)
                        	at org.openqa.selenium.firefox.FirefoxDriver.toExecutor(FirefoxDriver.java:168)
                        	at org.openqa.selenium.firefox.FirefoxDriver.&lt;init&gt;(FirefoxDriver.java:125)
                        	at org.openqa.selenium.firefox.FirefoxDriver.&lt;init&gt;(FirefoxDriver.java:103)
                        	at buildTest.TestBase.google(TestBase.java:52)
                        	at sun.reflect.NativeMethodAccessorImpl.invoke0(Native Method)
                        	at sun.reflect.NativeMethodAccessorImpl.invoke(NativeMethodAccessorImpl.java:62)
                        	at sun.reflect.DelegatingMethodAccessorImpl.invoke(DelegatingMethodAccessorImpl.java:43)
                        	at java.lang.reflect.Method.invoke(Method.java:498)
                        	at org.testng.internal.MethodInvocationHelper.invokeMethod(MethodInvocationHelper.java:80)
                        	at org.testng.internal.Invoker.invokeMethod(Invoker.java:714)
                        	at org.testng.internal.Invoker.invokeTestMethod(Invoker.java:901)
                        	at org.testng.internal.Invoker.invokeTestMethods(Invoker.java:1231)
                        	at org.testng.internal.TestMethodWorker.invokeTestMethods(TestMethodWorker.java:127)
                        	at org.testng.internal.TestMethodWorker.run(TestMethodWorker.java:111)
                        	at org.testng.TestRunner.privateRun(TestRunner.java:767)
                        	at org.testng.TestRunner.run(TestRunner.java:617)
                        	at org.testng.SuiteRunner.runTest(SuiteRunner.java:334)
                        	at org.testng.SuiteRunner.runSequentially(SuiteRunner.java:329)
                        	at org.testng.SuiteRunner.privateRun(SuiteRunner.java:291)
                        	at org.testng.SuiteRunner.run(SuiteRunner.java:240)
                        	at org.testng.SuiteRunnerWorker.runSuite(SuiteRunnerWorker.java:52)
                        	at org.testng.SuiteRunnerWorker.run(SuiteRunnerWorker.java:86)
                        	at org.testng.TestNG.runSuitesSequentially(TestNG.java:1198)
                        	at org.testng.TestNG.runSuitesLocally(TestNG.java:1123)
                        	at org.testng.TestNG.run(TestNG.java:1031)
                        	at org.testng.TestNG.privateMain(TestNG.java:1338)
                        	at org.testng.TestNG.main(TestNG.java:1307)
                     </pre>
                  </div>
               </td>
            </tr>
            <tr id="buildTest.TestBase_Test_01_byStatus_passed_PASS1_row"
                class="testMethodStatusPASS">
               <td width="100%" class="firstMethodCell">
                  <a onclick="toggleDetailsVisibility('buildTest.TestBase_Test_01_byStatus_passed_PASS1_details')">Test_01()</a>
               </td>
               <td nowrap="true">14:46:49</td>
               <td nowrap="true" align="right">5 ms
                  
               </td>
               <td nowrap="true">
                   
                  
               </td>
            </tr>
            <tr>
               <td colspan="4" class="detailsBox">
                  <div id="buildTest.TestBase_Test_01_byStatus_passed_PASS1_details"
                       class="testMethodDetails">
                     <div>
                        <b>Name: </b>Test_01
                     </div>
                     <div>
                        <b>Signature: </b>Test_01()[pri:0, instance:buildTest.TestBase@7e0babb1]
                     </div>
                     <div>
                        <b>Start time: </b>14:46:49
                     </div>
                     <div>
                        <b>End time: </b>14:46:49
                     </div>
                     <div>
                        <b>Duration: </b>5 ms
                        
                     </div>
                  </div>
               </td>
            </tr>
            <tr></tr>
            <tr id="buildTest.TestBase_Test_02_byStatus_passed_PASS2_row"
                class="testMethodStatusPASS">
               <td width="100%" class="firstMethodCell">
                  <a onclick="toggleDetailsVisibility('buildTest.TestBase_Test_02_byStatus_passed_PASS2_details')">Test_02()</a>
               </td>
               <td nowrap="true">14:46:49</td>
               <td nowrap="true" align="right">0 ms
                  
               </td>
               <td nowrap="true">
                   
                  
               </td>
            </tr>
            <tr>
               <td colspan="4" class="detailsBox">
                  <div id="buildTest.TestBase_Test_02_byStatus_passed_PASS2_details"
                       class="testMethodDetails">
                     <div>
                        <b>Name: </b>Test_02
                     </div>
                     <div>
                        <b>Signature: </b>Test_02()[pri:0, instance:buildTest.TestBase@7e0babb1]
                     </div>
                     <div>
                        <b>Start time: </b>14:46:49
                     </div>
                     <div>
                        <b>End time: </b>14:46:49
                     </div>
                     <div>
                        <b>Duration: </b>0 ms
                        
                     </div>
                  </div>
               </td>
            </tr>
            <tr></tr>
            <tr id="buildTest.TestBase_Test_03_byStatus_passed_PASS3_row"
                class="testMethodStatusPASS">
               <td width="100%" class="firstMethodCell">
                  <a onclick="toggleDetailsVisibility('buildTest.TestBase_Test_03_byStatus_passed_PASS3_details')">Test_03()</a>
               </td>
               <td nowrap="true">14:46:49</td>
               <td nowrap="true" align="right">0 ms
                  
               </td>
               <td nowrap="true">
                   
                  
               </td>
            </tr>
            <tr>
               <td colspan="4" class="detailsBox">
                  <div id="buildTest.TestBase_Test_03_byStatus_passed_PASS3_details"
                       class="testMethodDetails">
                     <div>
                        <b>Name: </b>Test_03
                     </div>
                     <div>
                        <b>Signature: </b>Test_03()[pri:0, instance:buildTest.TestBase@7e0babb1]
                     </div>
                     <div>
                        <b>Start time: </b>14:46:49
                     </div>
                     <div>
                        <b>End time: </b>14:46:49
                     </div>
                     <div>
                        <b>Duration: </b>0 ms
                        
                     </div>
                  </div>
               </td>
            </tr>
            <tr></tr>
            <tr id="buildTest.TestBase_Test_04_byStatus_passed_PASS4_row"
                class="testMethodStatusPASS">
               <td width="100%" class="firstMethodCell">
                  <a onclick="toggleDetailsVisibility('buildTest.TestBase_Test_04_byStatus_passed_PASS4_details')">Test_04()</a>
               </td>
               <td nowrap="true">14:46:49</td>
               <td nowrap="true" align="right">0 ms
                  
               </td>
               <td nowrap="true">
                   
                  
               </td>
            </tr>
            <tr>
               <td colspan="4" class="detailsBox">
                  <div id="buildTest.TestBase_Test_04_byStatus_passed_PASS4_details"
                       class="testMethodDetails">
                     <div>
                        <b>Name: </b>Test_04
                     </div>
                     <div>
                        <b>Signature: </b>Test_04()[pri:0, instance:buildTest.TestBase@7e0babb1]
                     </div>
                     <div>
                        <b>Start time: </b>14:46:49
                     </div>
                     <div>
                        <b>End time: </b>14:46:49
                     </div>
                     <div>
                        <b>Duration: </b>0 ms
                        
                     </div>
                  </div>
               </td>
            </tr>
            <tr></tr>
         </table>
      </div>
      <div id="testMethodsByClass" style="display: none;">
         <table class="testMethodsTable" cellpadding="0" cellspacing="0">
            <tr>
               <td colspan="4">
                  <h3 style="display: inline;">buildTest.TestBase</h3>
               </td>
            </tr>
            <tr class="methodsTableHeader">
               <td width="100%">Name</td>
               <td nowrap="true">Started</td>
               <td nowrap="true">Duration</td>
               <td>Exception</td>
            </tr>
            <tr id="buildTest.TestBase_Test_01_byClass_PASS1_row" class="testMethodStatusPASS">
               <td width="100%" class="firstMethodCell">
                  <a onclick="toggleDetailsVisibility('buildTest.TestBase_Test_01_byClass_PASS1_details')">Test_01()</a>
               </td>
               <td nowrap="true">14:46:49</td>
               <td nowrap="true" align="right">5 ms
                  
               </td>
               <td nowrap="true">
                   
                  
               </td>
            </tr>
            <tr>
               <td colspan="4" class="detailsBox">
                  <div id="buildTest.TestBase_Test_01_byClass_PASS1_details" class="testMethodDetails">
                     <div>
                        <b>Name: </b>Test_01
                     </div>
                     <div>
                        <b>Signature: </b>Test_01()[pri:0, instance:buildTest.TestBase@7e0babb1]
                     </div>
                     <div>
                        <b>Start time: </b>14:46:49
                     </div>
                     <div>
                        <b>End time: </b>14:46:49
                     </div>
                     <div>
                        <b>Duration: </b>5 ms
                        
                     </div>
                  </div>
               </td>
            </tr>
            <tr></tr>
            <tr id="buildTest.TestBase_Test_02_byClass_PASS2_row" class="testMethodStatusPASS">
               <td width="100%" class="firstMethodCell">
                  <a onclick="toggleDetailsVisibility('buildTest.TestBase_Test_02_byClass_PASS2_details')">Test_02()</a>
               </td>
               <td nowrap="true">14:46:49</td>
               <td nowrap="true" align="right">0 ms
                  
               </td>
               <td nowrap="true">
                   
                  
               </td>
            </tr>
            <tr>
               <td colspan="4" class="detailsBox">
                  <div id="buildTest.TestBase_Test_02_byClass_PASS2_details" class="testMethodDetails">
                     <div>
                        <b>Name: </b>Test_02
                     </div>
                     <div>
                        <b>Signature: </b>Test_02()[pri:0, instance:buildTest.TestBase@7e0babb1]
                     </div>
                     <div>
                        <b>Start time: </b>14:46:49
                     </div>
                     <div>
                        <b>End time: </b>14:46:49
                     </div>
                     <div>
                        <b>Duration: </b>0 ms
                        
                     </div>
                  </div>
               </td>
            </tr>
            <tr></tr>
            <tr id="buildTest.TestBase_Test_03_byClass_PASS3_row" class="testMethodStatusPASS">
               <td width="100%" class="firstMethodCell">
                  <a onclick="toggleDetailsVisibility('buildTest.TestBase_Test_03_byClass_PASS3_details')">Test_03()</a>
               </td>
               <td nowrap="true">14:46:49</td>
               <td nowrap="true" align="right">0 ms
                  
               </td>
               <td nowrap="true">
                   
                  
               </td>
            </tr>
            <tr>
               <td colspan="4" class="detailsBox">
                  <div id="buildTest.TestBase_Test_03_byClass_PASS3_details" class="testMethodDetails">
                     <div>
                        <b>Name: </b>Test_03
                     </div>
                     <div>
                        <b>Signature: </b>Test_03()[pri:0, instance:buildTest.TestBase@7e0babb1]
                     </div>
                     <div>
                        <b>Start time: </b>14:46:49
                     </div>
                     <div>
                        <b>End time: </b>14:46:49
                     </div>
                     <div>
                        <b>Duration: </b>0 ms
                        
                     </div>
                  </div>
               </td>
            </tr>
            <tr></tr>
            <tr id="buildTest.TestBase_Test_04_byClass_PASS4_row" class="testMethodStatusPASS">
               <td width="100%" class="firstMethodCell">
                  <a onclick="toggleDetailsVisibility('buildTest.TestBase_Test_04_byClass_PASS4_details')">Test_04()</a>
               </td>
               <td nowrap="true">14:46:49</td>
               <td nowrap="true" align="right">0 ms
                  
               </td>
               <td nowrap="true">
                   
                  
               </td>
            </tr>
            <tr>
               <td colspan="4" class="detailsBox">
                  <div id="buildTest.TestBase_Test_04_byClass_PASS4_details" class="testMethodDetails">
                     <div>
                        <b>Name: </b>Test_04
                     </div>
                     <div>
                        <b>Signature: </b>Test_04()[pri:0, instance:buildTest.TestBase@7e0babb1]
                     </div>
                     <div>
                        <b>Start time: </b>14:46:49
                     </div>
                     <div>
                        <b>End time: </b>14:46:49
                     </div>
                     <div>
                        <b>Duration: </b>0 ms
                        
                     </div>
                  </div>
               </td>
            </tr>
            <tr></tr>
            <tr id="buildTest.TestBase_google_byClass_FAIL5_row" class="testMethodStatusFAIL">
               <td width="100%" class="firstMethodCell">
                  <a onclick="toggleDetailsVisibility('buildTest.TestBase_google_byClass_FAIL5_details')">google()</a>
               </td>
               <td nowrap="true">14:46:49</td>
               <td nowrap="true" align="right">182 ms
                  
               </td>
               <td nowrap="true">
                  <a onclick="toggleDetailsVisibility('buildTest.TestBase_google_byClass_FAIL5_exception')">java.lang.IllegalStateException: 
                     The path to the driver executable must be set by the webdriver.gecko.driver system property; for more information, see https://github.com/mozilla/geckodriver.
                     The latest version can be downloaded from https://github.com/mozilla/geckodriver/releases
                     
                  </a>
                   
                  
               </td>
            </tr>
            <tr>
               <td colspan="4" class="detailsBox">
                  <div id="buildTest.TestBase_google_byClass_FAIL5_details" class="testMethodDetails">
                     <div>
                        <b>Name: </b>google
                     </div>
                     <div>
                        <b>Signature: </b>google()[pri:0, instance:buildTest.TestBase@7e0babb1]
                     </div>
                     <div>
                        <b>Start time: </b>14:46:49
                     </div>
                     <div>
                        <b>End time: </b>14:46:49
                     </div>
                     <div>
                        <b>Duration: </b>182 ms
                        
                     </div>
                  </div>
               </td>
            </tr>
            <tr>
               <td colspan="4" class="detailsBox">
                  <div id="buildTest.TestBase_google_byClass_FAIL5_exception"
                       class="testMethodDetails">
                     <pre style="padding: 5px; margin: 0;">java.lang.IllegalStateException: The path to the driver executable must be set by the webdriver.gecko.driver system property;
                        for more information, see https://github.com/mozilla/geckodriver. The latest version can be downloaded from https://github.com/mozilla/geckodriver/releases
                        	at com.google.common.base.Preconditions.checkState(Preconditions.java:847)
                        	at org.openqa.selenium.remote.service.DriverService.findExecutable(DriverService.java:124)
                        	at org.openqa.selenium.firefox.GeckoDriverService.access$100(GeckoDriverService.java:42)
                        	at org.openqa.selenium.firefox.GeckoDriverService$Builder.findDefaultExecutable(GeckoDriverService.java:143)
                        	at org.openqa.selenium.remote.service.DriverService$Builder.build(DriverService.java:335)
                        	at org.openqa.selenium.firefox.FirefoxDriver.toExecutor(FirefoxDriver.java:168)
                        	at org.openqa.selenium.firefox.FirefoxDriver.&lt;init&gt;(FirefoxDriver.java:125)
                        	at org.openqa.selenium.firefox.FirefoxDriver.&lt;init&gt;(FirefoxDriver.java:103)
                        	at buildTest.TestBase.google(TestBase.java:52)
                        	at sun.reflect.NativeMethodAccessorImpl.invoke0(Native Method)
                        	at sun.reflect.NativeMethodAccessorImpl.invoke(NativeMethodAccessorImpl.java:62)
                        	at sun.reflect.DelegatingMethodAccessorImpl.invoke(DelegatingMethodAccessorImpl.java:43)
                        	at java.lang.reflect.Method.invoke(Method.java:498)
                        	at org.testng.internal.MethodInvocationHelper.invokeMethod(MethodInvocationHelper.java:80)
                        	at org.testng.internal.Invoker.invokeMethod(Invoker.java:714)
                        	at org.testng.internal.Invoker.invokeTestMethod(Invoker.java:901)
                        	at org.testng.internal.Invoker.invokeTestMethods(Invoker.java:1231)
                        	at org.testng.internal.TestMethodWorker.invokeTestMethods(TestMethodWorker.java:127)
                        	at org.testng.internal.TestMethodWorker.run(TestMethodWorker.java:111)
                        	at org.testng.TestRunner.privateRun(TestRunner.java:767)
                        	at org.testng.TestRunner.run(TestRunner.java:617)
                        	at org.testng.SuiteRunner.runTest(SuiteRunner.java:334)
                        	at org.testng.SuiteRunner.runSequentially(SuiteRunner.java:329)
                        	at org.testng.SuiteRunner.privateRun(SuiteRunner.java:291)
                        	at org.testng.SuiteRunner.run(SuiteRunner.java:240)
                        	at org.testng.SuiteRunnerWorker.runSuite(SuiteRunnerWorker.java:52)
                        	at org.testng.SuiteRunnerWorker.run(SuiteRunnerWorker.java:86)
                        	at org.testng.TestNG.runSuitesSequentially(TestNG.java:1198)
                        	at org.testng.TestNG.runSuitesLocally(TestNG.java:1123)
                        	at org.testng.TestNG.run(TestNG.java:1031)
                        	at org.testng.TestNG.privateMain(TestNG.java:1338)
                        	at org.testng.TestNG.main(TestNG.java:1307)
                     </pre>
                  </div>
               </td>
            </tr>
         </table>
         <br></br>
      </div>
      <div style="margin-top: 15px; color: gray; text-align: center; font-size: 9px;">
         Generated with
         
         <a href="http://code.google.com/p/testng-xslt/" style="color: #8888aa;"
            target="_blank">
            TestNG XSLT
            
         </a>
      </div>
   </body>
</html>